This file contains any messages produced by compilers while
running configure, to aid debugging if configure makes a mistake.

It was created by CTTimer configure 0.0.0, which was
generated by GNU Autoconf 2.69.  Invocation command line was

  $ ./configure --no-create --no-recursion

## --------- ##
## Platform. ##
## --------- ##

hostname = csl-408-06.csl.illinois.edu
uname -m = x86_64
uname -r = 4.10.13-1-ARCH
uname -s = Linux
uname -v = #1 SMP PREEMPT Thu Apr 27 12:15:09 CEST 2017

/usr/bin/uname -p = unknown
/bin/uname -X     = unknown

/bin/arch              = unknown
/usr/bin/arch -k       = unknown
/usr/convex/getsysinfo = unknown
/usr/bin/hostinfo      = unknown
/bin/machine           = unknown
/usr/bin/oslevel       = unknown
/bin/universe          = unknown

PATH: /home/wu6u3/llvm/Release/bin
PATH: /usr/local/sbin
PATH: /usr/local/bin
PATH: /usr/bin
PATH: /usr/lib/jvm/default/bin
PATH: /usr/bin/site_perl
PATH: /usr/bin/vendor_perl
PATH: /usr/bin/core_perl


## ----------- ##
## Core tests. ##
## ----------- ##

configure:2355: checking for a BSD-compatible install
configure:2423: result: /usr/bin/install -c
configure:2434: checking whether build environment is sane
configure:2489: result: yes
configure:2640: checking for a thread-safe mkdir -p
configure:2679: result: /usr/bin/mkdir -p
configure:2686: checking for gawk
configure:2702: found /usr/bin/gawk
configure:2713: result: gawk
configure:2724: checking whether make sets $(MAKE)
configure:2746: result: yes
configure:2775: checking whether make supports nested variables
configure:2792: result: yes
configure:2881: checking whether UID '1000' is supported by ustar format
configure:2884: result: yes
configure:2891: checking whether GID '100' is supported by ustar format
configure:2894: result: yes
configure:2902: checking how to create a ustar tar archive
configure:2913: tar --version
tar (GNU tar) 1.29
Copyright (C) 2015 Free Software Foundation, Inc.
License GPLv3+: GNU GPL version 3 or later <http://gnu.org/licenses/gpl.html>.
This is free software: you are free to change and redistribute it.
There is NO WARRANTY, to the extent permitted by law.

Written by John Gilmore and Jay Fenlason.
configure:2916: $? = 0
configure:2956: tardir=conftest.dir && eval tar --format=ustar -chf - "$tardir" >conftest.tar
configure:2959: $? = 0
configure:2963: tar -xf - <conftest.tar
configure:2966: $? = 0
configure:2968: cat conftest.dir/file
GrepMe
configure:2971: $? = 0
configure:2984: result: gnutar
configure:3065: checking build system type
configure:3079: result: x86_64-unknown-linux-gnu
configure:3099: checking host system type
configure:3112: result: x86_64-unknown-linux-gnu
configure:3153: checking how to print strings
configure:3180: result: printf
configure:3213: checking for style of include used by make
configure:3241: result: GNU
configure:3312: checking for gcc
configure:3328: found /usr/bin/gcc
configure:3339: result: gcc
configure:3568: checking for C compiler version
configure:3577: gcc --version >&5
gcc (GCC) 6.3.1 20170306
Copyright (C) 2016 Free Software Foundation, Inc.
This is free software; see the source for copying conditions.  There is NO
warranty; not even for MERCHANTABILITY or FITNESS FOR A PARTICULAR PURPOSE.

configure:3588: $? = 0
configure:3577: gcc -v >&5
Using built-in specs.
COLLECT_GCC=gcc
COLLECT_LTO_WRAPPER=/usr/lib/gcc/x86_64-pc-linux-gnu/6.3.1/lto-wrapper
Target: x86_64-pc-linux-gnu
Configured with: /build/gcc/src/gcc/configure --prefix=/usr --libdir=/usr/lib --libexecdir=/usr/lib --mandir=/usr/share/man --infodir=/usr/share/info --with-bugurl=https://bugs.archlinux.org/ --enable-languages=c,c++,ada,fortran,go,lto,objc,obj-c++ --enable-shared --enable-threads=posix --enable-libmpx --with-system-zlib --with-isl --enable-__cxa_atexit --disable-libunwind-exceptions --enable-clocale=gnu --disable-libstdcxx-pch --disable-libssp --enable-gnu-unique-object --enable-linker-build-id --enable-lto --enable-plugin --enable-install-libiberty --with-linker-hash-style=gnu --enable-gnu-indirect-function --disable-multilib --disable-werror --enable-checking=release
Thread model: posix
gcc version 6.3.1 20170306 (GCC) 
configure:3588: $? = 0
configure:3577: gcc -V >&5
gcc: error: unrecognized command line option '-V'
gcc: fatal error: no input files
compilation terminated.
configure:3588: $? = 1
configure:3577: gcc -qversion >&5
gcc: error: unrecognized command line option '-qversion'; did you mean '--version'?
gcc: fatal error: no input files
compilation terminated.
configure:3588: $? = 1
configure:3608: checking whether the C compiler works
configure:3630: gcc    conftest.c  >&5
configure:3634: $? = 0
configure:3682: result: yes
configure:3685: checking for C compiler default output file name
configure:3687: result: a.out
configure:3693: checking for suffix of executables
configure:3700: gcc -o conftest    conftest.c  >&5
configure:3704: $? = 0
configure:3726: result: 
configure:3748: checking whether we are cross compiling
configure:3756: gcc -o conftest    conftest.c  >&5
configure:3760: $? = 0
configure:3767: ./conftest
configure:3771: $? = 0
configure:3786: result: no
configure:3791: checking for suffix of object files
configure:3813: gcc -c   conftest.c >&5
configure:3817: $? = 0
configure:3838: result: o
configure:3842: checking whether we are using the GNU C compiler
configure:3861: gcc -c   conftest.c >&5
configure:3861: $? = 0
configure:3870: result: yes
configure:3879: checking whether gcc accepts -g
configure:3899: gcc -c -g  conftest.c >&5
configure:3899: $? = 0
configure:3940: result: yes
configure:3957: checking for gcc option to accept ISO C89
configure:4020: gcc  -c -g -O2  conftest.c >&5
configure:4020: $? = 0
configure:4033: result: none needed
configure:4058: checking whether gcc understands -c and -o together
configure:4080: gcc -c conftest.c -o conftest2.o
configure:4083: $? = 0
configure:4080: gcc -c conftest.c -o conftest2.o
configure:4083: $? = 0
configure:4095: result: yes
configure:4114: checking dependency style of gcc
configure:4225: result: gcc3
configure:4240: checking for a sed that does not truncate output
configure:4304: result: /usr/bin/sed
configure:4322: checking for grep that handles long lines and -e
configure:4380: result: /usr/bin/grep
configure:4385: checking for egrep
configure:4447: result: /usr/bin/grep -E
configure:4452: checking for fgrep
configure:4514: result: /usr/bin/grep -F
configure:4549: checking for ld used by gcc
configure:4616: result: /usr/bin/ld
configure:4623: checking if the linker (/usr/bin/ld) is GNU ld
configure:4638: result: yes
configure:4650: checking for BSD- or MS-compatible name lister (nm)
configure:4704: result: /usr/bin/nm -B
configure:4834: checking the name lister (/usr/bin/nm -B) interface
configure:4841: gcc -c -g -O2  conftest.c >&5
configure:4844: /usr/bin/nm -B "conftest.o"
configure:4847: output
0000000000000000 B some_variable
configure:4854: result: BSD nm
configure:4857: checking whether ln -s works
configure:4861: result: yes
configure:4869: checking the maximum length of command line arguments
configure:5000: result: 1572864
configure:5048: checking how to convert x86_64-unknown-linux-gnu file names to x86_64-unknown-linux-gnu format
configure:5088: result: func_convert_file_noop
configure:5095: checking how to convert x86_64-unknown-linux-gnu file names to toolchain format
configure:5115: result: func_convert_file_noop
configure:5122: checking for /usr/bin/ld option to reload object files
configure:5129: result: -r
configure:5203: checking for objdump
configure:5219: found /usr/bin/objdump
configure:5230: result: objdump
configure:5262: checking how to recognize dependent libraries
configure:5462: result: pass_all
configure:5547: checking for dlltool
configure:5577: result: no
configure:5607: checking how to associate runtime and link libraries
configure:5634: result: printf %s\n
configure:5695: checking for ar
configure:5711: found /usr/bin/ar
configure:5722: result: ar
configure:5759: checking for archiver @FILE support
configure:5776: gcc -c -g -O2  conftest.c >&5
configure:5776: $? = 0
configure:5779: ar cru libconftest.a @conftest.lst >&5
ar: `u' modifier ignored since `D' is the default (see `U')
configure:5782: $? = 0
configure:5787: ar cru libconftest.a @conftest.lst >&5
ar: `u' modifier ignored since `D' is the default (see `U')
ar: conftest.o: No such file or directory
configure:5790: $? = 1
configure:5802: result: @
configure:5860: checking for strip
configure:5876: found /usr/bin/strip
configure:5887: result: strip
configure:5959: checking for ranlib
configure:5975: found /usr/bin/ranlib
configure:5986: result: ranlib
configure:6088: checking command to parse /usr/bin/nm -B output from gcc object
configure:6241: gcc -c -g -O2  conftest.c >&5
configure:6244: $? = 0
configure:6248: /usr/bin/nm -B conftest.o \| sed -n -e 's/^.*[ ]\([ABCDGIRSTW][ABCDGIRSTW]*\)[ ][ ]*\([_A-Za-z][_A-Za-z0-9]*\)$/\1 \2 \2/p' | sed '/ __gnu_lto/d' \> conftest.nm
configure:6251: $? = 0
configure:6317: gcc -o conftest -g -O2   conftest.c conftstm.o >&5
configure:6320: $? = 0
configure:6358: result: ok
configure:6405: checking for sysroot
configure:6435: result: no
configure:6442: checking for a working dd
configure:6480: result: /usr/bin/dd
configure:6484: checking how to truncate binary pipes
configure:6499: result: /usr/bin/dd bs=4096 count=1
configure:6635: gcc -c -g -O2  conftest.c >&5
configure:6638: $? = 0
configure:6828: checking for mt
configure:6858: result: no
configure:6878: checking if : is a manifest tool
configure:6884: : '-?'
configure:6892: result: no
configure:7569: checking how to run the C preprocessor
configure:7600: gcc -E  conftest.c
configure:7600: $? = 0
configure:7614: gcc -E  conftest.c
conftest.c:11:28: fatal error: ac_nonexistent.h: No such file or directory
 #include <ac_nonexistent.h>
                            ^
compilation terminated.
configure:7614: $? = 1
configure: failed program was:
| /* confdefs.h */
| #define PACKAGE_NAME "CTTimer"
| #define PACKAGE_TARNAME "cttimer"
| #define PACKAGE_VERSION "0.0.0"
| #define PACKAGE_STRING "CTTimer 0.0.0"
| #define PACKAGE_BUGREPORT "tinyinlai@gmail.com"
| #define PACKAGE_URL ""
| #define PACKAGE "cttimer"
| #define VERSION "0.0.0"
| /* end confdefs.h.  */
| #include <ac_nonexistent.h>
configure:7639: result: gcc -E
configure:7659: gcc -E  conftest.c
configure:7659: $? = 0
configure:7673: gcc -E  conftest.c
conftest.c:11:28: fatal error: ac_nonexistent.h: No such file or directory
 #include <ac_nonexistent.h>
                            ^
compilation terminated.
configure:7673: $? = 1
configure: failed program was:
| /* confdefs.h */
| #define PACKAGE_NAME "CTTimer"
| #define PACKAGE_TARNAME "cttimer"
| #define PACKAGE_VERSION "0.0.0"
| #define PACKAGE_STRING "CTTimer 0.0.0"
| #define PACKAGE_BUGREPORT "tinyinlai@gmail.com"
| #define PACKAGE_URL ""
| #define PACKAGE "cttimer"
| #define VERSION "0.0.0"
| /* end confdefs.h.  */
| #include <ac_nonexistent.h>
configure:7702: checking for ANSI C header files
configure:7722: gcc -c -g -O2  conftest.c >&5
configure:7722: $? = 0
configure:7795: gcc -o conftest -g -O2   conftest.c  >&5
configure:7795: $? = 0
configure:7795: ./conftest
configure:7795: $? = 0
configure:7806: result: yes
configure:7819: checking for sys/types.h
configure:7819: gcc -c -g -O2  conftest.c >&5
configure:7819: $? = 0
configure:7819: result: yes
configure:7819: checking for sys/stat.h
configure:7819: gcc -c -g -O2  conftest.c >&5
configure:7819: $? = 0
configure:7819: result: yes
configure:7819: checking for stdlib.h
configure:7819: gcc -c -g -O2  conftest.c >&5
configure:7819: $? = 0
configure:7819: result: yes
configure:7819: checking for string.h
configure:7819: gcc -c -g -O2  conftest.c >&5
configure:7819: $? = 0
configure:7819: result: yes
configure:7819: checking for memory.h
configure:7819: gcc -c -g -O2  conftest.c >&5
configure:7819: $? = 0
configure:7819: result: yes
configure:7819: checking for strings.h
configure:7819: gcc -c -g -O2  conftest.c >&5
configure:7819: $? = 0
configure:7819: result: yes
configure:7819: checking for inttypes.h
configure:7819: gcc -c -g -O2  conftest.c >&5
configure:7819: $? = 0
configure:7819: result: yes
configure:7819: checking for stdint.h
configure:7819: gcc -c -g -O2  conftest.c >&5
configure:7819: $? = 0
configure:7819: result: yes
configure:7819: checking for unistd.h
configure:7819: gcc -c -g -O2  conftest.c >&5
configure:7819: $? = 0
configure:7819: result: yes
configure:7833: checking for dlfcn.h
configure:7833: gcc -c -g -O2  conftest.c >&5
configure:7833: $? = 0
configure:7833: result: yes
configure:8089: checking for objdir
configure:8104: result: .libs
configure:8368: checking if gcc supports -fno-rtti -fno-exceptions
configure:8386: gcc -c -g -O2  -fno-rtti -fno-exceptions conftest.c >&5
cc1: warning: command line option '-fno-rtti' is valid for C++/ObjC++ but not for C
configure:8390: $? = 0
configure:8403: result: no
configure:8761: checking for gcc option to produce PIC
configure:8768: result: -fPIC -DPIC
configure:8776: checking if gcc PIC flag -fPIC -DPIC works
configure:8794: gcc -c -g -O2  -fPIC -DPIC -DPIC conftest.c >&5
configure:8798: $? = 0
configure:8811: result: yes
configure:8840: checking if gcc static flag -static works
configure:8868: result: yes
configure:8883: checking if gcc supports -c -o file.o
configure:8904: gcc -c -g -O2  -o out/conftest2.o conftest.c >&5
configure:8908: $? = 0
configure:8930: result: yes
configure:8938: checking if gcc supports -c -o file.o
configure:8985: result: yes
configure:9018: checking whether the gcc linker (/usr/bin/ld -m elf_x86_64) supports shared libraries
configure:10277: result: yes
configure:10314: checking whether -lc should be explicitly linked in
configure:10322: gcc -c -g -O2  conftest.c >&5
configure:10325: $? = 0
configure:10340: gcc -shared  -fPIC -DPIC conftest.o  -v -Wl,-soname -Wl,conftest -o conftest 2\>\&1 \| /usr/bin/grep  -lc  \>/dev/null 2\>\&1
configure:10343: $? = 0
configure:10357: result: no
configure:10517: checking dynamic linker characteristics
configure:11098: gcc -o conftest -g -O2   -Wl,-rpath -Wl,/foo conftest.c  >&5
configure:11098: $? = 0
configure:11335: result: GNU/Linux ld.so
configure:11457: checking how to hardcode library paths into programs
configure:11482: result: immediate
configure:12030: checking whether stripping libraries is possible
configure:12035: result: yes
configure:12070: checking if libtool supports shared libraries
configure:12072: result: yes
configure:12075: checking whether to build shared libraries
configure:12100: result: yes
configure:12103: checking whether to build static libraries
configure:12107: result: yes
configure:12202: checking for g++
configure:12218: found /usr/bin/g++
configure:12229: result: g++
configure:12256: checking for C++ compiler version
configure:12265: g++ --version >&5
g++ (GCC) 6.3.1 20170306
Copyright (C) 2016 Free Software Foundation, Inc.
This is free software; see the source for copying conditions.  There is NO
warranty; not even for MERCHANTABILITY or FITNESS FOR A PARTICULAR PURPOSE.

configure:12276: $? = 0
configure:12265: g++ -v >&5
Using built-in specs.
COLLECT_GCC=g++
COLLECT_LTO_WRAPPER=/usr/lib/gcc/x86_64-pc-linux-gnu/6.3.1/lto-wrapper
Target: x86_64-pc-linux-gnu
Configured with: /build/gcc/src/gcc/configure --prefix=/usr --libdir=/usr/lib --libexecdir=/usr/lib --mandir=/usr/share/man --infodir=/usr/share/info --with-bugurl=https://bugs.archlinux.org/ --enable-languages=c,c++,ada,fortran,go,lto,objc,obj-c++ --enable-shared --enable-threads=posix --enable-libmpx --with-system-zlib --with-isl --enable-__cxa_atexit --disable-libunwind-exceptions --enable-clocale=gnu --disable-libstdcxx-pch --disable-libssp --enable-gnu-unique-object --enable-linker-build-id --enable-lto --enable-plugin --enable-install-libiberty --with-linker-hash-style=gnu --enable-gnu-indirect-function --disable-multilib --disable-werror --enable-checking=release
Thread model: posix
gcc version 6.3.1 20170306 (GCC) 
configure:12276: $? = 0
configure:12265: g++ -V >&5
g++: error: unrecognized command line option '-V'
g++: fatal error: no input files
compilation terminated.
configure:12276: $? = 1
configure:12265: g++ -qversion >&5
g++: error: unrecognized command line option '-qversion'; did you mean '--version'?
g++: fatal error: no input files
compilation terminated.
configure:12276: $? = 1
configure:12280: checking whether we are using the GNU C++ compiler
configure:12299: g++ -c   conftest.cpp >&5
configure:12299: $? = 0
configure:12308: result: yes
configure:12317: checking whether g++ accepts -g
configure:12337: g++ -c -g  conftest.cpp >&5
configure:12337: $? = 0
configure:12378: result: yes
configure:12403: checking dependency style of g++
configure:12514: result: gcc3
configure:12548: checking how to run the C++ preprocessor
configure:12575: g++ -E  conftest.cpp
configure:12575: $? = 0
configure:12589: g++ -E  conftest.cpp
conftest.cpp:23:28: fatal error: ac_nonexistent.h: No such file or directory
 #include <ac_nonexistent.h>
                            ^
compilation terminated.
configure:12589: $? = 1
configure: failed program was:
| /* confdefs.h */
| #define PACKAGE_NAME "CTTimer"
| #define PACKAGE_TARNAME "cttimer"
| #define PACKAGE_VERSION "0.0.0"
| #define PACKAGE_STRING "CTTimer 0.0.0"
| #define PACKAGE_BUGREPORT "tinyinlai@gmail.com"
| #define PACKAGE_URL ""
| #define PACKAGE "cttimer"
| #define VERSION "0.0.0"
| #define STDC_HEADERS 1
| #define HAVE_SYS_TYPES_H 1
| #define HAVE_SYS_STAT_H 1
| #define HAVE_STDLIB_H 1
| #define HAVE_STRING_H 1
| #define HAVE_MEMORY_H 1
| #define HAVE_STRINGS_H 1
| #define HAVE_INTTYPES_H 1
| #define HAVE_STDINT_H 1
| #define HAVE_UNISTD_H 1
| #define HAVE_DLFCN_H 1
| #define LT_OBJDIR ".libs/"
| /* end confdefs.h.  */
| #include <ac_nonexistent.h>
configure:12614: result: g++ -E
configure:12634: g++ -E  conftest.cpp
configure:12634: $? = 0
configure:12648: g++ -E  conftest.cpp
conftest.cpp:23:28: fatal error: ac_nonexistent.h: No such file or directory
 #include <ac_nonexistent.h>
                            ^
compilation terminated.
configure:12648: $? = 1
configure: failed program was:
| /* confdefs.h */
| #define PACKAGE_NAME "CTTimer"
| #define PACKAGE_TARNAME "cttimer"
| #define PACKAGE_VERSION "0.0.0"
| #define PACKAGE_STRING "CTTimer 0.0.0"
| #define PACKAGE_BUGREPORT "tinyinlai@gmail.com"
| #define PACKAGE_URL ""
| #define PACKAGE "cttimer"
| #define VERSION "0.0.0"
| #define STDC_HEADERS 1
| #define HAVE_SYS_TYPES_H 1
| #define HAVE_SYS_STAT_H 1
| #define HAVE_STDLIB_H 1
| #define HAVE_STRING_H 1
| #define HAVE_MEMORY_H 1
| #define HAVE_STRINGS_H 1
| #define HAVE_INTTYPES_H 1
| #define HAVE_STDINT_H 1
| #define HAVE_UNISTD_H 1
| #define HAVE_DLFCN_H 1
| #define LT_OBJDIR ".libs/"
| /* end confdefs.h.  */
| #include <ac_nonexistent.h>
configure:12810: checking for ld used by g++
configure:12877: result: /usr/bin/ld -m elf_x86_64
configure:12884: checking if the linker (/usr/bin/ld -m elf_x86_64) is GNU ld
configure:12899: result: yes
configure:12954: checking whether the g++ linker (/usr/bin/ld -m elf_x86_64) supports shared libraries
configure:14027: result: yes
configure:14063: g++ -c -g -O2  conftest.cpp >&5
configure:14066: $? = 0
configure:14547: checking for g++ option to produce PIC
configure:14554: result: -fPIC -DPIC
configure:14562: checking if g++ PIC flag -fPIC -DPIC works
configure:14580: g++ -c -g -O2  -fPIC -DPIC -DPIC conftest.cpp >&5
configure:14584: $? = 0
configure:14597: result: yes
configure:14620: checking if g++ static flag -static works
configure:14648: result: yes
configure:14660: checking if g++ supports -c -o file.o
configure:14681: g++ -c -g -O2  -o out/conftest2.o conftest.cpp >&5
configure:14685: $? = 0
configure:14707: result: yes
configure:14712: checking if g++ supports -c -o file.o
configure:14759: result: yes
configure:14789: checking whether the g++ linker (/usr/bin/ld -m elf_x86_64) supports shared libraries
configure:14829: result: yes
configure:14970: checking dynamic linker characteristics
configure:15715: result: GNU/Linux ld.so
configure:15780: checking how to hardcode library paths into programs
configure:15805: result: immediate
configure:15982: checking for C++ compiler version
configure:15991: g++ --version >&5
g++ (GCC) 6.3.1 20170306
Copyright (C) 2016 Free Software Foundation, Inc.
This is free software; see the source for copying conditions.  There is NO
warranty; not even for MERCHANTABILITY or FITNESS FOR A PARTICULAR PURPOSE.

configure:16002: $? = 0
configure:15991: g++ -v >&5
Using built-in specs.
COLLECT_GCC=g++
COLLECT_LTO_WRAPPER=/usr/lib/gcc/x86_64-pc-linux-gnu/6.3.1/lto-wrapper
Target: x86_64-pc-linux-gnu
Configured with: /build/gcc/src/gcc/configure --prefix=/usr --libdir=/usr/lib --libexecdir=/usr/lib --mandir=/usr/share/man --infodir=/usr/share/info --with-bugurl=https://bugs.archlinux.org/ --enable-languages=c,c++,ada,fortran,go,lto,objc,obj-c++ --enable-shared --enable-threads=posix --enable-libmpx --with-system-zlib --with-isl --enable-__cxa_atexit --disable-libunwind-exceptions --enable-clocale=gnu --disable-libstdcxx-pch --disable-libssp --enable-gnu-unique-object --enable-linker-build-id --enable-lto --enable-plugin --enable-install-libiberty --with-linker-hash-style=gnu --enable-gnu-indirect-function --disable-multilib --disable-werror --enable-checking=release
Thread model: posix
gcc version 6.3.1 20170306 (GCC) 
configure:16002: $? = 0
configure:15991: g++ -V >&5
g++: error: unrecognized command line option '-V'
g++: fatal error: no input files
compilation terminated.
configure:16002: $? = 1
configure:15991: g++ -qversion >&5
g++: error: unrecognized command line option '-qversion'; did you mean '--version'?
g++: fatal error: no input files
compilation terminated.
configure:16002: $? = 1
configure:16006: checking whether we are using the GNU C++ compiler
configure:16034: result: yes
configure:16043: checking whether g++ accepts -g
configure:16104: result: yes
configure:16129: checking dependency style of g++
configure:16240: result: gcc3
configure:16260: checking how to run the C preprocessor
configure:16330: result: gcc -E
configure:16350: gcc -E  conftest.c
configure:16350: $? = 0
configure:16364: gcc -E  conftest.c
conftest.c:23:28: fatal error: ac_nonexistent.h: No such file or directory
 #include <ac_nonexistent.h>
                            ^
compilation terminated.
configure:16364: $? = 1
configure: failed program was:
| /* confdefs.h */
| #define PACKAGE_NAME "CTTimer"
| #define PACKAGE_TARNAME "cttimer"
| #define PACKAGE_VERSION "0.0.0"
| #define PACKAGE_STRING "CTTimer 0.0.0"
| #define PACKAGE_BUGREPORT "tinyinlai@gmail.com"
| #define PACKAGE_URL ""
| #define PACKAGE "cttimer"
| #define VERSION "0.0.0"
| #define STDC_HEADERS 1
| #define HAVE_SYS_TYPES_H 1
| #define HAVE_SYS_STAT_H 1
| #define HAVE_STDLIB_H 1
| #define HAVE_STRING_H 1
| #define HAVE_MEMORY_H 1
| #define HAVE_STRINGS_H 1
| #define HAVE_INTTYPES_H 1
| #define HAVE_STDINT_H 1
| #define HAVE_UNISTD_H 1
| #define HAVE_DLFCN_H 1
| #define LT_OBJDIR ".libs/"
| /* end confdefs.h.  */
| #include <ac_nonexistent.h>
configure:16440: checking for gcc
configure:16467: result: gcc
configure:16696: checking for C compiler version
configure:16705: gcc --version >&5
gcc (GCC) 6.3.1 20170306
Copyright (C) 2016 Free Software Foundation, Inc.
This is free software; see the source for copying conditions.  There is NO
warranty; not even for MERCHANTABILITY or FITNESS FOR A PARTICULAR PURPOSE.

configure:16716: $? = 0
configure:16705: gcc -v >&5
Using built-in specs.
COLLECT_GCC=gcc
COLLECT_LTO_WRAPPER=/usr/lib/gcc/x86_64-pc-linux-gnu/6.3.1/lto-wrapper
Target: x86_64-pc-linux-gnu
Configured with: /build/gcc/src/gcc/configure --prefix=/usr --libdir=/usr/lib --libexecdir=/usr/lib --mandir=/usr/share/man --infodir=/usr/share/info --with-bugurl=https://bugs.archlinux.org/ --enable-languages=c,c++,ada,fortran,go,lto,objc,obj-c++ --enable-shared --enable-threads=posix --enable-libmpx --with-system-zlib --with-isl --enable-__cxa_atexit --disable-libunwind-exceptions --enable-clocale=gnu --disable-libstdcxx-pch --disable-libssp --enable-gnu-unique-object --enable-linker-build-id --enable-lto --enable-plugin --enable-install-libiberty --with-linker-hash-style=gnu --enable-gnu-indirect-function --disable-multilib --disable-werror --enable-checking=release
Thread model: posix
gcc version 6.3.1 20170306 (GCC) 
configure:16716: $? = 0
configure:16705: gcc -V >&5
gcc: error: unrecognized command line option '-V'
gcc: fatal error: no input files
compilation terminated.
configure:16716: $? = 1
configure:16705: gcc -qversion >&5
gcc: error: unrecognized command line option '-qversion'; did you mean '--version'?
gcc: fatal error: no input files
compilation terminated.
configure:16716: $? = 1
configure:16720: checking whether we are using the GNU C compiler
configure:16748: result: yes
configure:16757: checking whether gcc accepts -g
configure:16818: result: yes
configure:16835: checking for gcc option to accept ISO C89
configure:16911: result: none needed
configure:16936: checking whether gcc understands -c and -o together
configure:16973: result: yes
configure:16992: checking dependency style of gcc
configure:17103: result: gcc3
configure:17122: checking for gawk
configure:17149: result: gawk
configure:17162: checking whether ln -s works
configure:17166: result: yes
configure:17182: checking for g++ option to support OpenMP
configure:17197: g++ -o conftest -g -O2   conftest.cpp  >&5
conftest.cpp:25:2: error: 'choke' does not name a type
  choke me
  ^~~~~
In file included from conftest.cpp:27:0:
/usr/lib/gcc/x86_64-pc-linux-gnu/6.3.1/include/omp.h:39:3: error: 'omp_lock_t' does not name a type
 } omp_lock_t;
   ^~~~~~~~~~
/usr/lib/gcc/x86_64-pc-linux-gnu/6.3.1/include/omp.h:95:28: error: variable or field 'omp_init_lock' declared void
 extern void omp_init_lock (omp_lock_t *) __GOMP_NOTHROW;
                            ^~~~~~~~~~
/usr/lib/gcc/x86_64-pc-linux-gnu/6.3.1/include/omp.h:95:28: error: 'omp_lock_t' was not declared in this scope
/usr/lib/gcc/x86_64-pc-linux-gnu/6.3.1/include/omp.h:95:40: error: expected primary-expression before ')' token
 extern void omp_init_lock (omp_lock_t *) __GOMP_NOTHROW;
                                        ^
/usr/lib/gcc/x86_64-pc-linux-gnu/6.3.1/include/omp.h:96:38: error: variable or field 'omp_init_lock_with_hint' declared void
 extern void omp_init_lock_with_hint (omp_lock_t *, omp_lock_hint_t)
                                      ^~~~~~~~~~
/usr/lib/gcc/x86_64-pc-linux-gnu/6.3.1/include/omp.h:96:38: error: 'omp_lock_t' was not declared in this scope
/usr/lib/gcc/x86_64-pc-linux-gnu/6.3.1/include/omp.h:96:50: error: expected primary-expression before ',' token
 extern void omp_init_lock_with_hint (omp_lock_t *, omp_lock_hint_t)
                                                  ^
/usr/lib/gcc/x86_64-pc-linux-gnu/6.3.1/include/omp.h:96:67: error: expected primary-expression before ')' token
 extern void omp_init_lock_with_hint (omp_lock_t *, omp_lock_hint_t)
                                                                   ^
/usr/lib/gcc/x86_64-pc-linux-gnu/6.3.1/include/omp.h:98:31: error: variable or field 'omp_destroy_lock' declared void
 extern void omp_destroy_lock (omp_lock_t *) __GOMP_NOTHROW;
                               ^~~~~~~~~~
/usr/lib/gcc/x86_64-pc-linux-gnu/6.3.1/include/omp.h:98:31: error: 'omp_lock_t' was not declared in this scope
/usr/lib/gcc/x86_64-pc-linux-gnu/6.3.1/include/omp.h:98:43: error: expected primary-expression before ')' token
 extern void omp_destroy_lock (omp_lock_t *) __GOMP_NOTHROW;
                                           ^
/usr/lib/gcc/x86_64-pc-linux-gnu/6.3.1/include/omp.h:99:27: error: variable or field 'omp_set_lock' declared void
 extern void omp_set_lock (omp_lock_t *) __GOMP_NOTHROW;
                           ^~~~~~~~~~
/usr/lib/gcc/x86_64-pc-linux-gnu/6.3.1/include/omp.h:99:27: error: 'omp_lock_t' was not declared in this scope
/usr/lib/gcc/x86_64-pc-linux-gnu/6.3.1/include/omp.h:99:39: error: expected primary-expression before ')' token
 extern void omp_set_lock (omp_lock_t *) __GOMP_NOTHROW;
                                       ^
/usr/lib/gcc/x86_64-pc-linux-gnu/6.3.1/include/omp.h:100:29: error: variable or field 'omp_unset_lock' declared void
 extern void omp_unset_lock (omp_lock_t *) __GOMP_NOTHROW;
                             ^~~~~~~~~~
/usr/lib/gcc/x86_64-pc-linux-gnu/6.3.1/include/omp.h:100:29: error: 'omp_lock_t' was not declared in this scope
/usr/lib/gcc/x86_64-pc-linux-gnu/6.3.1/include/omp.h:100:41: error: expected primary-expression before ')' token
 extern void omp_unset_lock (omp_lock_t *) __GOMP_NOTHROW;
                                         ^
/usr/lib/gcc/x86_64-pc-linux-gnu/6.3.1/include/omp.h:101:27: error: 'omp_lock_t' was not declared in this scope
 extern int omp_test_lock (omp_lock_t *) __GOMP_NOTHROW;
                           ^~~~~~~~~~
/usr/lib/gcc/x86_64-pc-linux-gnu/6.3.1/include/omp.h:101:39: error: expected primary-expression before ')' token
 extern int omp_test_lock (omp_lock_t *) __GOMP_NOTHROW;
                                       ^
/usr/lib/gcc/x86_64-pc-linux-gnu/6.3.1/include/omp.h:104:43: error: variable or field 'omp_init_nest_lock_with_hint' declared void
 extern void omp_init_nest_lock_with_hint (omp_lock_t *, omp_lock_hint_t)
                                           ^~~~~~~~~~
/usr/lib/gcc/x86_64-pc-linux-gnu/6.3.1/include/omp.h:104:43: error: 'omp_lock_t' was not declared in this scope
/usr/lib/gcc/x86_64-pc-linux-gnu/6.3.1/include/omp.h:104:55: error: expected primary-expression before ',' token
 extern void omp_init_nest_lock_with_hint (omp_lock_t *, omp_lock_hint_t)
                                                       ^
/usr/lib/gcc/x86_64-pc-linux-gnu/6.3.1/include/omp.h:104:72: error: expected primary-expression before ')' token
 extern void omp_init_nest_lock_with_hint (omp_lock_t *, omp_lock_hint_t)
                                                                        ^
configure:17197: $? = 1
configure: failed program was:
| /* confdefs.h */
| #define PACKAGE_NAME "CTTimer"
| #define PACKAGE_TARNAME "cttimer"
| #define PACKAGE_VERSION "0.0.0"
| #define PACKAGE_STRING "CTTimer 0.0.0"
| #define PACKAGE_BUGREPORT "tinyinlai@gmail.com"
| #define PACKAGE_URL ""
| #define PACKAGE "cttimer"
| #define VERSION "0.0.0"
| #define STDC_HEADERS 1
| #define HAVE_SYS_TYPES_H 1
| #define HAVE_SYS_STAT_H 1
| #define HAVE_STDLIB_H 1
| #define HAVE_STRING_H 1
| #define HAVE_MEMORY_H 1
| #define HAVE_STRINGS_H 1
| #define HAVE_INTTYPES_H 1
| #define HAVE_STDINT_H 1
| #define HAVE_UNISTD_H 1
| #define HAVE_DLFCN_H 1
| #define LT_OBJDIR ".libs/"
| /* end confdefs.h.  */
| 
| #ifndef _OPENMP
|  choke me
| #endif
| #include <omp.h>
| int main () { return omp_get_num_threads (); }
| 
configure:17215: g++ -o conftest -g -O2 -fopenmp   conftest.cpp  >&5
configure:17215: $? = 0
configure:17229: result: -fopenmp
configure:17244: checking if compiling with clang
configure:17268: g++ -c -g -O2  conftest.cpp >&5
conftest.cpp: In function 'int main()':
conftest.cpp:29:12: error: 'clang' was not declared in this scope
        not clang
            ^~~~~
configure:17268: $? = 1
configure: failed program was:
| /* confdefs.h */
| #define PACKAGE_NAME "CTTimer"
| #define PACKAGE_TARNAME "cttimer"
| #define PACKAGE_VERSION "0.0.0"
| #define PACKAGE_STRING "CTTimer 0.0.0"
| #define PACKAGE_BUGREPORT "tinyinlai@gmail.com"
| #define PACKAGE_URL ""
| #define PACKAGE "cttimer"
| #define VERSION "0.0.0"
| #define STDC_HEADERS 1
| #define HAVE_SYS_TYPES_H 1
| #define HAVE_SYS_STAT_H 1
| #define HAVE_STDLIB_H 1
| #define HAVE_STRING_H 1
| #define HAVE_MEMORY_H 1
| #define HAVE_STRINGS_H 1
| #define HAVE_INTTYPES_H 1
| #define HAVE_STDINT_H 1
| #define HAVE_UNISTD_H 1
| #define HAVE_DLFCN_H 1
| #define LT_OBJDIR ".libs/"
| /* end confdefs.h.  */
| 
| int
| main ()
| {
| 
| #ifndef __clang__
|        not clang
| #endif
| 
|   ;
|   return 0;
| }
configure:17281: result: no
configure:17286: checking for ANSI C header files
configure:17390: result: yes
configure:17408: checking for g++ option to support OpenMP
configure:17455: result: -fopenmp
configure:17613: checking that generated files are newer than configure
configure:17619: result: done
configure:17654: creating ./config.status
configure:20021: creating ./config.lt

## ------------------ ##
## Running config.lt. ##
## ------------------ ##
config.lt:684: creating libtool

## ---------------- ##
## Cache variables. ##
## ---------------- ##

ac_cv_build=x86_64-unknown-linux-gnu
ac_cv_c_compiler_gnu=yes
ac_cv_cxx_compiler_gnu=yes
ac_cv_env_CCC_set=
ac_cv_env_CCC_value=
ac_cv_env_CC_set=
ac_cv_env_CC_value=
ac_cv_env_CFLAGS_set=
ac_cv_env_CFLAGS_value=
ac_cv_env_CPPFLAGS_set=
ac_cv_env_CPPFLAGS_value=
ac_cv_env_CPP_set=
ac_cv_env_CPP_value=
ac_cv_env_CXXCPP_set=
ac_cv_env_CXXCPP_value=
ac_cv_env_CXXFLAGS_set=
ac_cv_env_CXXFLAGS_value=
ac_cv_env_CXX_set=
ac_cv_env_CXX_value=
ac_cv_env_LDFLAGS_set=
ac_cv_env_LDFLAGS_value=
ac_cv_env_LIBS_set=
ac_cv_env_LIBS_value=
ac_cv_env_LT_SYS_LIBRARY_PATH_set=
ac_cv_env_LT_SYS_LIBRARY_PATH_value=
ac_cv_env_build_alias_set=
ac_cv_env_build_alias_value=
ac_cv_env_host_alias_set=
ac_cv_env_host_alias_value=
ac_cv_env_target_alias_set=
ac_cv_env_target_alias_value=
ac_cv_header_dlfcn_h=yes
ac_cv_header_inttypes_h=yes
ac_cv_header_memory_h=yes
ac_cv_header_stdc=yes
ac_cv_header_stdint_h=yes
ac_cv_header_stdlib_h=yes
ac_cv_header_string_h=yes
ac_cv_header_strings_h=yes
ac_cv_header_sys_stat_h=yes
ac_cv_header_sys_types_h=yes
ac_cv_header_unistd_h=yes
ac_cv_host=x86_64-unknown-linux-gnu
ac_cv_objext=o
ac_cv_path_EGREP='/usr/bin/grep -E'
ac_cv_path_FGREP='/usr/bin/grep -F'
ac_cv_path_GREP=/usr/bin/grep
ac_cv_path_SED=/usr/bin/sed
ac_cv_path_install='/usr/bin/install -c'
ac_cv_path_lt_DD=/usr/bin/dd
ac_cv_path_mkdir=/usr/bin/mkdir
ac_cv_prog_AWK=gawk
ac_cv_prog_CPP='gcc -E'
ac_cv_prog_CXXCPP='g++ -E'
ac_cv_prog_ac_ct_AR=ar
ac_cv_prog_ac_ct_CC=gcc
ac_cv_prog_ac_ct_CXX=g++
ac_cv_prog_ac_ct_OBJDUMP=objdump
ac_cv_prog_ac_ct_RANLIB=ranlib
ac_cv_prog_ac_ct_STRIP=strip
ac_cv_prog_cc_c89=
ac_cv_prog_cc_g=yes
ac_cv_prog_cxx_g=yes
ac_cv_prog_cxx_openmp=-fopenmp
ac_cv_prog_make_make_set=yes
am_cv_CC_dependencies_compiler_type=gcc3
am_cv_CXX_dependencies_compiler_type=gcc3
am_cv_make_support_nested_variables=yes
am_cv_prog_cc_c_o=yes
am_cv_prog_tar_ustar=gnutar
lt_cv_ar_at_file=@
lt_cv_archive_cmds_need_lc=no
lt_cv_deplibs_check_method=pass_all
lt_cv_file_magic_cmd='$MAGIC_CMD'
lt_cv_file_magic_test_file=
lt_cv_ld_reload_flag=-r
lt_cv_nm_interface='BSD nm'
lt_cv_objdir=.libs
lt_cv_path_LD=/usr/bin/ld
lt_cv_path_LDCXX='/usr/bin/ld -m elf_x86_64'
lt_cv_path_NM='/usr/bin/nm -B'
lt_cv_path_mainfest_tool=no
lt_cv_prog_compiler_c_o=yes
lt_cv_prog_compiler_c_o_CXX=yes
lt_cv_prog_compiler_pic='-fPIC -DPIC'
lt_cv_prog_compiler_pic_CXX='-fPIC -DPIC'
lt_cv_prog_compiler_pic_works=yes
lt_cv_prog_compiler_pic_works_CXX=yes
lt_cv_prog_compiler_rtti_exceptions=no
lt_cv_prog_compiler_static_works=yes
lt_cv_prog_compiler_static_works_CXX=yes
lt_cv_prog_gnu_ld=yes
lt_cv_prog_gnu_ldcxx=yes
lt_cv_sharedlib_from_linklib_cmd='printf %s\n'
lt_cv_shlibpath_overrides_runpath=no
lt_cv_sys_global_symbol_pipe='sed -n -e '\''s/^.*[	 ]\([ABCDGIRSTW][ABCDGIRSTW]*\)[	 ][	 ]*\([_A-Za-z][_A-Za-z0-9]*\)$/\1 \2 \2/p'\'' | sed '\''/ __gnu_lto/d'\'''
lt_cv_sys_global_symbol_to_c_name_address='sed -n -e '\''s/^: \(.*\) .*$/  {"\1", (void *) 0},/p'\'' -e '\''s/^[ABCDGIRSTW][ABCDGIRSTW]* .* \(.*\)$/  {"\1", (void *) \&\1},/p'\'''
lt_cv_sys_global_symbol_to_c_name_address_lib_prefix='sed -n -e '\''s/^: \(.*\) .*$/  {"\1", (void *) 0},/p'\'' -e '\''s/^[ABCDGIRSTW][ABCDGIRSTW]* .* \(lib.*\)$/  {"\1", (void *) \&\1},/p'\'' -e '\''s/^[ABCDGIRSTW][ABCDGIRSTW]* .* \(.*\)$/  {"lib\1", (void *) \&\1},/p'\'''
lt_cv_sys_global_symbol_to_cdecl='sed -n -e '\''s/^T .* \(.*\)$/extern int \1();/p'\'' -e '\''s/^[ABCDGIRSTW][ABCDGIRSTW]* .* \(.*\)$/extern char \1;/p'\'''
lt_cv_sys_global_symbol_to_import=
lt_cv_sys_max_cmd_len=1572864
lt_cv_to_host_file_cmd=func_convert_file_noop
lt_cv_to_tool_file_cmd=func_convert_file_noop
lt_cv_truncate_bin='/usr/bin/dd bs=4096 count=1'

## ----------------- ##
## Output variables. ##
## ----------------- ##

ACLOCAL='${SHELL} /home/wu6u3/Code/CTTimer/build-aux/missing aclocal-1.15'
AMDEPBACKSLASH='\'
AMDEP_FALSE='#'
AMDEP_TRUE=''
AMTAR='$${TAR-tar}'
AM_BACKSLASH='\'
AM_DEFAULT_V='$(AM_DEFAULT_VERBOSITY)'
AM_DEFAULT_VERBOSITY='1'
AM_V='$(V)'
AR='ar'
AUTOCONF='${SHELL} /home/wu6u3/Code/CTTimer/build-aux/missing autoconf'
AUTOHEADER='${SHELL} /home/wu6u3/Code/CTTimer/build-aux/missing autoheader'
AUTOMAKE='${SHELL} /home/wu6u3/Code/CTTimer/build-aux/missing automake-1.15'
AWK='gawk'
CC='gcc'
CCDEPMODE='depmode=gcc3'
CFLAGS='-g -O2'
CLANG='no'
CPP='gcc -E'
CPPFLAGS=''
CXX='g++'
CXXCPP='g++ -E'
CXXDEPMODE='depmode=gcc3'
CXXFLAGS='-g -O2'
CYGPATH_W='echo'
DEFS='-DPACKAGE_NAME=\"CTTimer\" -DPACKAGE_TARNAME=\"cttimer\" -DPACKAGE_VERSION=\"0.0.0\" -DPACKAGE_STRING=\"CTTimer\ 0.0.0\" -DPACKAGE_BUGREPORT=\"tinyinlai@gmail.com\" -DPACKAGE_URL=\"\" -DPACKAGE=\"cttimer\" -DVERSION=\"0.0.0\" -DSTDC_HEADERS=1 -DHAVE_SYS_TYPES_H=1 -DHAVE_SYS_STAT_H=1 -DHAVE_STDLIB_H=1 -DHAVE_STRING_H=1 -DHAVE_MEMORY_H=1 -DHAVE_STRINGS_H=1 -DHAVE_INTTYPES_H=1 -DHAVE_STDINT_H=1 -DHAVE_UNISTD_H=1 -DHAVE_DLFCN_H=1 -DLT_OBJDIR=\".libs/\" -DSTDC_HEADERS=1'
DEPDIR='.deps'
DLLTOOL='false'
DSYMUTIL=''
DUMPBIN=''
ECHO_C=''
ECHO_N='-n'
ECHO_T=''
EGREP='/usr/bin/grep -E'
EXEEXT=''
FGREP='/usr/bin/grep -F'
GREP='/usr/bin/grep'
INSTALL_DATA='${INSTALL} -m 644'
INSTALL_PROGRAM='${INSTALL}'
INSTALL_SCRIPT='${INSTALL}'
INSTALL_STRIP_PROGRAM='$(install_sh) -c -s'
LD='/usr/bin/ld -m elf_x86_64'
LDFLAGS=''
LIBOBJS=''
LIBS=''
LIBTOOL='$(SHELL) $(top_builddir)/libtool'
LIPO=''
LN_S='ln -s'
LTLIBOBJS=''
LT_SYS_LIBRARY_PATH=''
MAKEINFO='${SHELL} /home/wu6u3/Code/CTTimer/build-aux/missing makeinfo'
MANIFEST_TOOL=':'
MKDIR_P='/usr/bin/mkdir -p'
NM='/usr/bin/nm -B'
NMEDIT=''
OBJDUMP='objdump'
OBJEXT='o'
OPENMP_CXXFLAGS='-fopenmp'
OTOOL64=''
OTOOL=''
PACKAGE='cttimer'
PACKAGE_BUGREPORT='tinyinlai@gmail.com'
PACKAGE_NAME='CTTimer'
PACKAGE_STRING='CTTimer 0.0.0'
PACKAGE_TARNAME='cttimer'
PACKAGE_URL=''
PACKAGE_VERSION='0.0.0'
PATH_SEPARATOR=':'
RANLIB='ranlib'
SED='/usr/bin/sed'
SET_MAKE=''
SHELL='/bin/sh'
STRIP='strip'
VERSION='0.0.0'
ac_ct_AR='ar'
ac_ct_CC='gcc'
ac_ct_CXX='g++'
ac_ct_DUMPBIN=''
am__EXEEXT_FALSE=''
am__EXEEXT_TRUE='#'
am__fastdepCC_FALSE='#'
am__fastdepCC_TRUE=''
am__fastdepCXX_FALSE='#'
am__fastdepCXX_TRUE=''
am__include='include'
am__isrc=''
am__leading_dot='.'
am__nodep='_no'
am__quote=''
am__tar='tar --format=ustar -chf - "$$tardir"'
am__untar='tar -xf -'
bindir='${exec_prefix}/bin'
build='x86_64-unknown-linux-gnu'
build_alias=''
build_cpu='x86_64'
build_os='linux-gnu'
build_vendor='unknown'
datadir='${datarootdir}'
datarootdir='${prefix}/share'
docdir='${datarootdir}/doc/${PACKAGE_TARNAME}'
dvidir='${docdir}'
exec_prefix='${prefix}'
host='x86_64-unknown-linux-gnu'
host_alias=''
host_cpu='x86_64'
host_os='linux-gnu'
host_vendor='unknown'
htmldir='${docdir}'
includedir='${prefix}/include'
infodir='${datarootdir}/info'
install_sh='${SHELL} /home/wu6u3/Code/CTTimer/build-aux/install-sh'
libdir='${exec_prefix}/lib'
libexecdir='${exec_prefix}/libexec'
localedir='${datarootdir}/locale'
localstatedir='${prefix}/var'
mandir='${datarootdir}/man'
mkdir_p='$(MKDIR_P)'
oldincludedir='/usr/include'
pdfdir='${docdir}'
prefix='/usr/local'
program_transform_name='s,x,x,'
psdir='${docdir}'
sbindir='${exec_prefix}/sbin'
sharedstatedir='${prefix}/com'
subdirs=' 3rd_party/glog'
sysconfdir='${prefix}/etc'
target_alias=''

## ----------- ##
## confdefs.h. ##
## ----------- ##

/* confdefs.h */
#define PACKAGE_NAME "CTTimer"
#define PACKAGE_TARNAME "cttimer"
#define PACKAGE_VERSION "0.0.0"
#define PACKAGE_STRING "CTTimer 0.0.0"
#define PACKAGE_BUGREPORT "tinyinlai@gmail.com"
#define PACKAGE_URL ""
#define PACKAGE "cttimer"
#define VERSION "0.0.0"
#define STDC_HEADERS 1
#define HAVE_SYS_TYPES_H 1
#define HAVE_SYS_STAT_H 1
#define HAVE_STDLIB_H 1
#define HAVE_STRING_H 1
#define HAVE_MEMORY_H 1
#define HAVE_STRINGS_H 1
#define HAVE_INTTYPES_H 1
#define HAVE_STDINT_H 1
#define HAVE_UNISTD_H 1
#define HAVE_DLFCN_H 1
#define LT_OBJDIR ".libs/"
#define STDC_HEADERS 1

configure: exit 0

## ---------------------- ##
## Running config.status. ##
## ---------------------- ##

This file was extended by CTTimer config.status 0.0.0, which was
generated by GNU Autoconf 2.69.  Invocation command line was

  CONFIG_FILES    = 
  CONFIG_HEADERS  = 
  CONFIG_LINKS    = 
  CONFIG_COMMANDS = 
  $ ./config.status 

on csl-408-06.csl.illinois.edu

config.status:1072: creating Makefile
config.status:1244: executing depfiles commands
config.status:1244: executing libtool commands
